<?xml version="1.0" encoding="UTF-8"?>
<testng-results ignored="0" total="1" passed="1" failed="0" skipped="0">
  <reporter-output>
  </reporter-output>
  <suite started-at="2022-06-12T10:51:20 IST" name="Default suite" finished-at="2022-06-12T10:51:27 IST" duration-ms="6688">
    <groups>
    </groups>
    <test started-at="2022-06-12T10:51:20 IST" name="Default test" finished-at="2022-06-12T10:51:27 IST" duration-ms="6688">
      <class name="com.happy.tests.HomePageTest">
        <test-method is-config="true" signature="setUp()[pri:0, instance:com.happy.tests.HomePageTest@2c1b194a]" started-at="2022-06-12T10:51:20 IST" name="setUp" finished-at="2022-06-12T10:51:25 IST" duration-ms="4905" status="PASS">
          <reporter-output>
          </reporter-output>
        </test-method> <!-- setUp -->
        <test-method signature="login(java.lang.String,int)[pri:0, instance:com.happy.tests.HomePageTest@2c1b194a]" started-at="2022-06-12T10:51:26 IST" name="login" data-provider="getData" finished-at="2022-06-12T10:51:27 IST" duration-ms="865" status="PASS">
          <params>
            <param index="0">
              <value>
                <![CDATA[hello3@gmail.com]]>
              </value>
            </param>
            <param index="1">
              <value>
                <![CDATA[1237]]>
              </value>
            </param>
          </params>
          <reporter-output>
          </reporter-output>
        </test-method> <!-- login -->
        <test-method is-config="true" signature="teardown()[pri:0, instance:com.happy.tests.HomePageTest@2c1b194a]" started-at="2022-06-12T10:51:27 IST" name="teardown" finished-at="2022-06-12T10:51:27 IST" duration-ms="114" status="PASS">
          <reporter-output>
          </reporter-output>
        </test-method> <!-- teardown -->
      </class> <!-- com.happy.tests.HomePageTest -->
    </test> <!-- Default test -->
  </suite> <!-- Default suite -->
</testng-results>
