<?xml version="1.0" encoding="UTF-8"?>
<testng-results ignored="0" total="1" passed="1" failed="0" skipped="0">
  <reporter-output>
  </reporter-output>
  <suite started-at="2022-06-12T11:03:30 IST" name="Default suite" finished-at="2022-06-12T11:03:37 IST" duration-ms="6880">
    <groups>
    </groups>
    <test started-at="2022-06-12T11:03:30 IST" name="Default test" finished-at="2022-06-12T11:03:37 IST" duration-ms="6880">
      <class name="com.happy.tests.HomePageTest">
        <test-method is-config="true" signature="setUp()[pri:0, instance:com.happy.tests.HomePageTest@957e06]" started-at="2022-06-12T11:03:30 IST" name="setUp" finished-at="2022-06-12T11:03:35 IST" duration-ms="5158" status="PASS">
          <reporter-output>
          </reporter-output>
        </test-method> <!-- setUp -->
        <test-method signature="login(java.lang.String,int)[pri:0, instance:com.happy.tests.HomePageTest@957e06]" started-at="2022-06-12T11:03:36 IST" name="login" data-provider="getData" finished-at="2022-06-12T11:03:36 IST" duration-ms="816" status="PASS">
          <params>
            <param index="0">
              <value>
                <![CDATA[hello@gmail.com]]>
              </value>
            </param>
            <param index="1">
              <value>
                <![CDATA[1234]]>
              </value>
            </param>
          </params>
          <reporter-output>
          </reporter-output>
        </test-method> <!-- login -->
        <test-method is-config="true" signature="teardown()[pri:0, instance:com.happy.tests.HomePageTest@957e06]" started-at="2022-06-12T11:03:36 IST" name="teardown" finished-at="2022-06-12T11:03:37 IST" duration-ms="114" status="PASS">
          <reporter-output>
          </reporter-output>
        </test-method> <!-- teardown -->
      </class> <!-- com.happy.tests.HomePageTest -->
    </test> <!-- Default test -->
  </suite> <!-- Default suite -->
</testng-results>
